<!--
Copyright (c) 2005 Apple Computer, Inc.  All Rights Reserved.

This program is free software; you can redistribute it and/or modify
it under the terms of the GNU General Public License as published by
the Free Software Foundation; either version 2 of the License, or
(at your option) any later version.

This program is distributed in the hope that it will be useful,
but WITHOUT ANY WARRANTY; without even the implied warranty of
MERCHANTABILITY or FITNESS FOR A PARTICULAR PURPOSE.  See the
GNU General Public License for more details.

You should have received a copy of the GNU General Public License
along with this program; if not, write to the Free Software
Foundation, Inc., 59 Temple Place, Suite 330, Boston, MA  02111-1307  USA
-->
<filters>
	<filter name="failures/oneproj/adns">error: conflicting types for 'adns__parse_domain'</filter>
	<filter name="failures/oneproj/applex11tools">You must have X11User.pkg somewhere in /Volumes or /Users</filter>
	<filter name="failures/oneproj/bundle-webmin">\*\*\* config (Y/I/N/O/D/Z) [default=N] ? .*/sw/bin/dpkg: error processing webmin-burner (--install):</filter>
	<filter name="failures/oneproj/bzflag">/usr/include/architecture/ppc/math.h:212: error: expected unqualified-id before "float"</filter>
	<filter name="failures/oneproj/cc65">_afailed.c(16): Error: Identifier expected</filter>
	<filter name="failures/oneproj/ccache">.*/sw/bin/g\+\+: File exists</filter>
	<filter name="failures/oneproj/cocoa-sharp">ERROR: unknown type \("NSObject"}</filter>
	<filter name="failures/oneproj/cxboard">error: 'clock' redeclared as different kind of symbol</filter>
	<filter name="failures/oneproj/dhcp">icmp.c:248: warning: pointer targets in passing argument 6 of 'recvfrom' differ in signedness</filter>
	<filter name="failures/oneproj/dods">checking for gcc/g\+\+ 2.8 or greater... configure: error: must be at least version 2.7.x</filter>
	<filter name="failures/oneproj/exact">chown: smmsp: Invalid argument</filter>
	<filter name="failures/oneproj/absoft">Absoft Fortran not installed.</filter>
	<filter name="failures/oneproj/finch-pm">Can't locate object method "file_name_is_absolute" via package "ExtUtils::Liblist"</filter>
	<filter name="failures/oneproj/fontconfig-path">error processing .*/sw/fink/dists/buildfink/binary-darwin-powerpc/fontconfig-path</filter>
	<filter name="failures/oneproj/fte">o_messages.cpp:23: error: non-local variable '&lt;anonymous struct&gt; CRegexp [32]' uses anonymous type</filter>
	<filter name="failures/oneproj/gri">convert: Command not found</filter>
	<filter name="failures/oneproj/hfstar">Please specify the source encoding through --from-code.</filter>
	<filter name="failures/oneproj/inform">Fatal error: Couldn't open source file</filter>
	<filter name="failures/oneproj/jzip">osdepend.c:90: error: conflicting types for 'optarg'</filter>
	<filter name="failures/oneproj/libapreq-pm581">Can't locate mod_perl.pm in @INC</filter>
	<filter name="failures/oneproj/libofx">configure: error: unable to link a test program, is OpenSP installed</filter>
	<filter name="failures/oneproj/mpgtx">mpeg.cxx:2622: error: extra ';'</filter>
	<filter name="failures/oneproj/mtoolsfm">fr.po:781: duplicate message definition</filter>
	<filter name="failures/oneproj/nap">make: \*\*\* No rule to make target `.*/sw/include/netcdf.h', needed by `napLib.o'.  Stop.</filter>
	<filter name="failures/oneproj/osxutils">error: conflicting types for 'RetrieveStatData'</filter>
	<filter name="failures/oneproj/par2">error: explicit specialization of 'bool ReedSolomon</filter>
	<filter name="failures/oneproj/pari-gp">error: conflicting types for 'add_history'</filter>
	<filter name="failures/oneproj/pm581-mods">make: \*\*\* No rule to make target `.*/sw/lib/perl5-core/5.8.1/darwin-thread-multi-2level/CORE/objXSUB.h', needed by `.*'.  Stop.</filter>
	<filter name="failures/oneproj/ratpoison">error: \*\*\* Can't find History headers and libs</filter>
	<filter name="failures/oneproj/rrdtool">Can't locate object method "cmd_head3" via package "Pod::Man"</filter>
	<filter name="failures/oneproj/rubygems">hook .*/post-install.rb failed:</filter>
	<filter name="failures/oneproj/tk-pm581">Unknown discipline class 'IO'</filter>
	<filter name="failures/oneproj/xml-perllibs">prerequisite XML::SAX failed to load</filter>
	<filter name="failures/oneproj/xmlunit">Could not create task or type of type: junit</filter>

	<filter name="failures/intel/assembly">Unknown pseudo-op|no such 386 instruction|match any known 386 instruction|memory input .* not directly addressable|unknown register name</filter>
	<filter name="failures/intel/assembly-pic">PIC register (.*) clobbered</filter>
	<filter name="failures/intel/port">configure: error: .* hasn't been ported to `i386-apple-darwin|error: "(.*) has not been ported|error: Unknown architecture</filter>
	<filter name="failures/intel/link-wrong-arch">warning (.*?) cputype .* does not match</filter>
	<filter name="failures/intel/asmreg">unable to find a register to spill|error: can't find a register|impossible register constraint|output constraint .* must .* register</filter>

	<filter name="failures/unknown/tex">(! I can't find file `docstrip.tex'.)|(! LaTeX Error: File `article.cls' not found.)|(! Font .* not loadable)</filter>
	<filter name="failures/unknown/gtk">\*\*\* Could not run GTK</filter>


	<filter name="failures/java">(package javax.servlet.http does not exist)|(./org/bouncycastle/util/encoders/test/AbstractCoderTest.java:8: cannot resolve symbol)|(ERROR: JAVA_HOME not found in your environment.)</filter>
	<filter name="failures/emacs">Segmentation fault.*EMACS</filter>
	<filter name="failures/xcode">undefined compiler specification com.apple.compilers.gcc.4_0</filter>

	<filter name="failures/linker/ldbl" flags="m">^/usr/bin/ld: Undefined symbols:\n.*\$LDBLStub</filter>
	<filter name="failures/linker/linkedit">internal link edit command failed</filter>

	<filter name="failures/compiler/ice">internal compiler error</filter>
	<filter name="failures/compiler/c++_flat">/usr/lib/gcc/powerpc-apple-darwin8/4.0.1/crt3.o private external definition of _atexit</filter>

	<filter name="failures/frontend/parse">error: parse error</filter>
	<filter name="failures/frontend/implicit">error: incompatible implicit declaration</filter>
	<filter name="failures/frontend/array">error: array type has incomplete element type</filter>
	<filter name="failures/frontend/storage">error: invalid storage class</filter>
	<filter name="failures/project/stricter/abstract">error: cannot allocate an object of abstract type</filter>
	<filter name="failures/project/stricter/nontype">error: dependent-name '(.*)' is parsed as a non-type</filter>

	<filter name="failures/syschange/siocaddrt">'(SIOCADDRT|SIOCDELRT)' undeclared</filter>
	<filter name="failures/syschange/gcc3">(checking for gcc... gcc[23])|((gcc|g\+\+|cpp)[23](: [cC]ommand not found|.* works\.\.\. no))</filter>
	<filter name="failures/syschange/ioctls">error: asm/ioctls.h: No such file or directory</filter>
	<filter name="failures/syschange/readline">'(filename_completion_function|rl_catch_signals|rl_inhibit_completion)' undeclared</filter>
	<filter name="failures/syschange/socklen_t">/usr/include/sys/socket.h:99: error: two or more data types in declaration specifiers</filter>
	<filter name="failures/syschange/cc_dynamic">-lcc_dynamic</filter>

	<filter name="failures/obsolete/varargs">error: #error "GCC no longer implements .varargs.h.</filter>

	<filter name="failures/project/pc-missing">Package (.*) was not found in the pkg-config search path|can not find package (\S+)</filter>
	<filter name="failures/project/lib-missing">can't locate file for: -l(.*)|cannot find the library `(.*)'|error: (lib.*) is missing|can't locate framework for: -framework (.*)|error: Invalid lib(.*) directory|can't find header files for (.*)</filter>
	<filter name="failures/project/perlmod-missing">error: (.*) perl module is required</filter>
	<filter name="failures/project/la-missing">`(.*)' is not a valid libtool archive</filter>
	<filter name="failures/project/prog-missing">error: The important program (.*) was not found</filter>
	<filter name="failures/project/exec-missing">error: (.*) not found or not executable</filter>
	<filter name="failures/project/other-missing">error: Cannot find (.*)</filter>
	<filter name="failures/project/header-missing">error: (.*\.h): No such file or directory</filter>

	<filter name="failures/project/bad-compiler-option">cc1: error: invalid option|bad value .* for -mtune</filter>
	<filter name="failures/project/desktop-file-utils">No directories in update-desktop-database search path could be processed and updated.</filter>
	<filter name="failures/project/dylib">dyld: Library not loaded: (.*)</filter>
	<filter name="failures/project/perlmod">Can't locate (.*) in @INC</filter>
	<filter name="failures/project/glib">\*\*\* The glib-config script installed by GLIB could not be found</filter>
	<filter name="failures/project/overwrite">trying to overwrite .*, which is also in package</filter>
	<filter name="failures/project/perlver">(/usr/bin/perl.*: Command not found)|(Can't exec ".*/sw/bin/perl")</filter>
	<filter name="failures/project/doxygen">Can't exec "doxygen": No such file or directory</filter>
	<filter name="failures/project/mkdirhier">mkdirhier: Command not found</filter>
	<filter name="failures/project/cp">usage: cp</filter>
	<filter name="failures/project/mkdir" flags="m">^\*\*\* can't create directory</filter>
	<filter name="failures/project/ipush">error: 'I_PUSH' undeclared</filter>
	<filter name="failures/project/setscheduler">/usr/bin/ld: Undefined symbols:\n_sched_setscheduler</filter>
	<filter name="failures/project/exit1">\+ exit 1</filter>
	<filter name="failures/project/tas">/usr/bin/ld: Undefined symbols:\n_tas</filter>
	<filter name="failures/project/getaddrinfo">Fatal: You must get working getaddrinfo</filter>
	<filter name="failures/project/sasl">/usr/bin/ld: Undefined symbols:\n_sasl</filter>
	<filter name="failures/project/pkgconfig">(A new enough version of pkg-config was not found.)|(http://www.freedesktop.org/software/pkgconfig)|(pkg-config: command not found)</filter>
	<filter name="failures/project/xcolor">checking "for X color database".*error:</filter>
	<filter name="failures/project/xpm">/usr/bin/ld: Undefined symbols:\n_XpmReadFileToPixmap</filter>
	<filter name="failures/project/tex">You don't a valid teTeX installation</filter>
	<filter name="failures/project/norule">No rule to make target</filter>
	<filter name="failures/project/cc1opt">cc1: error: unrecognized command line option</filter>
	<filter name="failures/project/nofiles">install: (.*): No such file or directory</filter>
	<filter name="failures/project/template">error: there are no arguments to '.*' that depend on a template parameter</filter>
	<filter name="failures/project/export">Can't exec "export"</filter>
	<filter name="failures/project/setjmp">sorry, unimplemented: function '.*' can never be inlined</filter>
	<filter name="failures/project/nostatic">error: '(.*)' may not be declared as static</filter>

	<filter name="failures/project/stricter/static">error: static declaration of '.*' follows non-static declaration</filter>
	<filter name="failures/project/stricter/newinit">ISO C\+\+ forbids initialization in array new</filter>
	<filter name="failures/project/stricter/preprocess">error: pasting (.*) does not give a valid preprocessing token</filter>
	<filter name="failures/project/stricter/permissive">error: \(if you use `-fpermissive'</filter>	
	<filter name="failures/project/stricter/scope">error: '.*' was not declared in this scope</filter>
	<filter name="failures/project/stricter/readonly">error: assignment of read-only variable</filter>
	<filter name="failures/project/stricter/lblend">error: label at end of compound statement</filter>
	<filter name="failures/project/stricter/conversion">error: invalid conversion</filter>
	<filter name="failures/project/stricter/friend">error: a class-key must be used when declaring a friend</filter>
	<filter name="failures/project/stricter/misc_template">error: expected %&lt;;%&gt;</filter>

	<filter name="unbuilt/download" flags="m">^Failed: file download failed</filter>
	<filter name="unbuilt/nodep" flags="m">^Failed: Can't resolve dependency</filter>
	<filter name="unbuilt/unbuildable">Failed: Can't figure out how to build(?:.*Unsatisfied dependencies: (.*)\.)?</filter>
	<filter name="unbuilt/dependency_failed">Failed: Dependency (.*) failed to build</filter>
	<filter name="unbuilt/skipped">Failed: .* is on the skip list</filter>

	<filter name="failures/fink/system-ghostscript">You don't have ghostscript .* /usr/local</filter>
	<filter name="failures/fink/node">Internal error: node for (.*) already exists</filter>
	<filter name="failures/fink/testharness">Can't locate Test/Harness.pm</filter>
	<filter name="failures/fink/oldreadline">That looks like readline 1.0!</filter>
	<filter name="failures/fink/oldgcc" flags="m">^Package gcc.* is an autogenerated virtual package.</filter>
	<filter name="failures/fink/nolib/ldap">error: could not find an LDAP library</filter>
	<filter name="failures/fink/virtpkg">Failed: Package is an uninstalled virtual package</filter>
	<filter name="failures/fink/nolib/sdl" flags="s">error: \*\*\* SDL .*not found!|/usr/bin/ld: Undefined symbols:.*_SDL_Init</filter>
	<filter name="failures/fink/nolib/other">libtool: link: `.*/sw/lib/(.*)\.la' is not a valid libtool archive</filter>
	<filter name="failures/fink/perl581" flags="m">^Failed: Can't resolve dependency .*perl581</filter>
	<filter name="failures/fink/nofink" flags="m">^Failed: no matching version found for fink</filter>
	<filter name="failures/fink/conflict">conflicting packages</filter>
	<filter name="failures/fink/nopackage">Failed: compile phase: can't build.* because no package description is available</filter>
	<filter name="failures/fink/pkgdesc">Failed: no package found for specification</filter>
	<filter name="failures/fink/patch">execution of patch failed</filter>
	<filter name="failures/fink/depconfig">dependency problems prevent configuration</filter>
	<filter name="failures/fink/dep">Can't resolve dependency "(.*?)"</filter>
	<filter name="failures/fink/buildlock">problems encountered involve buildlocks</filter>
	<filter name="failures/fink/pkgobj">Failed: Couldn't get package object</filter>

	<filter name="failures/typeconflict/readlink">error: conflicting types for 'readlink'</filter>
	<filter name="failures/typeconflict/ether_hostton">error: conflicting types for 'ether_hostton'</filter>
	<filter name="failures/typeconflict/wait">error: conflicting types for 'wait'</filter>
	<filter name="failures/typeconflict/getdomainname">error: conflicting types for 'getdomainname'</filter>
	<filter name="failures/typeconflict/socklen_t">error: conflicting types for 'socklen_t'</filter>
	<filter name="failures/typeconflict/mbstate_t">error: conflicting types for '__mbstate_t'</filter>

	<filter name="failures/header/sys_signal_h">sys/signal.h:166</filter>

	<filter name="failures/unanalyzed/log_size_limit" flags="m">^Failed: Log size limit exceeded</filter>
	<filter name="failures/unanalyzed/build_time_limit" flags="m">^Failed: Build process timed out</filter>
	<filter name="failures/unanalyzed/other" flags="m">^Failed:</filter>

	<filter name="warnings/obsolete_headtail">(head|tail)\s+-[0-9]</filter>

	<filter name="successes">.$</filter>
</filters>
